CPU     ID                    FUNCTION:NAME
  4 353780                        :tick-60s 


                1

              0x8a900000
                1

              0x8aa00000
                1

              0x880a7800
                1

              0x863f8000
                1

              0xe981ab00
                1

              0x1
                1

              0x11
                1

              0xedd39021
                1

              0x28
                1

              0xe981b438
                1

              0x8a7f9350
                1

              0x655d5369
                1

              0x6e
                1

              0xe981ba98
                1

              0xfffffff8
                1

                1

              0x4
                1

              0x10869679
                1

              0x85570dd0
                2
